<?xml version="1.0" encoding="UTF-8"?>
<testsuite xmlns:xsi="http://www.w3.org/2001/XMLSchema-instance" xsi:noNamespaceSchemaLocation="https://maven.apache.org/surefire/maven-surefire-plugin/xsd/surefire-test-report-3.0.xsd" version="3.0" name="api.test.StudentsTest" time="3.184" tests="5" errors="0" skipped="0" failures="0">
  <properties>
    <property name="java.specification.version" value="19"/>
    <property name="sun.cpu.isalist" value="amd64"/>
    <property name="sun.jnu.encoding" value="Cp1252"/>
    <property name="java.class.path" value="C:\Users\suman\Selenium\Students_FrameWork\target\test-classes;C:\Users\suman\Selenium\Students_FrameWork\target\classes;C:\Users\suman\.m2\repository\io\rest-assured\rest-assured\5.3.0\rest-assured-5.3.0.jar;C:\Users\suman\.m2\repository\org\apache\groovy\groovy\4.0.6\groovy-4.0.6.jar;C:\Users\suman\.m2\repository\org\apache\groovy\groovy-xml\4.0.6\groovy-xml-4.0.6.jar;C:\Users\suman\.m2\repository\org\apache\httpcomponents\httpclient\4.5.13\httpclient-4.5.13.jar;C:\Users\suman\.m2\repository\org\apache\httpcomponents\httpcore\4.4.13\httpcore-4.4.13.jar;C:\Users\suman\.m2\repository\commons-logging\commons-logging\1.2\commons-logging-1.2.jar;C:\Users\suman\.m2\repository\org\apache\httpcomponents\httpmime\4.5.13\httpmime-4.5.13.jar;C:\Users\suman\.m2\repository\org\hamcrest\hamcrest\2.1\hamcrest-2.1.jar;C:\Users\suman\.m2\repository\org\ccil\cowan\tagsoup\tagsoup\1.2.1\tagsoup-1.2.1.jar;C:\Users\suman\.m2\repository\io\rest-assured\json-path\5.3.0\json-path-5.3.0.jar;C:\Users\suman\.m2\repository\org\apache\groovy\groovy-json\4.0.6\groovy-json-4.0.6.jar;C:\Users\suman\.m2\repository\io\rest-assured\rest-assured-common\5.3.0\rest-assured-common-5.3.0.jar;C:\Users\suman\.m2\repository\io\rest-assured\xml-path\5.3.0\xml-path-5.3.0.jar;C:\Users\suman\.m2\repository\com\jayway\jsonpath\json-path\2.8.0\json-path-2.8.0.jar;C:\Users\suman\.m2\repository\net\minidev\json-smart\2.4.10\json-smart-2.4.10.jar;C:\Users\suman\.m2\repository\net\minidev\accessors-smart\2.4.9\accessors-smart-2.4.9.jar;C:\Users\suman\.m2\repository\org\ow2\asm\asm\9.3\asm-9.3.jar;C:\Users\suman\.m2\repository\org\slf4j\slf4j-api\1.7.36\slf4j-api-1.7.36.jar;C:\Users\suman\.m2\repository\org\json\json\20230227\json-20230227.jar;C:\Users\suman\.m2\repository\com\google\code\gson\gson\2.10.1\gson-2.10.1.jar;C:\Users\suman\.m2\repository\org\testng\testng\7.7.1\testng-7.7.1.jar;C:\Users\suman\.m2\repository\com\beust\jcommander\1.82\jcommander-1.82.jar;C:\Users\suman\.m2\repository\org\webjars\jquery\3.6.1\jquery-3.6.1.jar;C:\Users\suman\.m2\repository\com\github\scribejava\scribejava-apis\8.3.3\scribejava-apis-8.3.3.jar;C:\Users\suman\.m2\repository\com\github\scribejava\scribejava-core\8.3.3\scribejava-core-8.3.3.jar;C:\Users\suman\.m2\repository\com\github\scribejava\scribejava-java8\8.3.3\scribejava-java8-8.3.3.jar;C:\Users\suman\.m2\repository\com\fasterxml\jackson\core\jackson-databind\2.14.0\jackson-databind-2.14.0.jar;C:\Users\suman\.m2\repository\com\fasterxml\jackson\core\jackson-annotations\2.14.0\jackson-annotations-2.14.0.jar;C:\Users\suman\.m2\repository\com\fasterxml\jackson\core\jackson-core\2.14.0\jackson-core-2.14.0.jar;C:\Users\suman\.m2\repository\io\rest-assured\json-schema-validator\5.3.0\json-schema-validator-5.3.0.jar;C:\Users\suman\.m2\repository\com\github\java-json-tools\json-schema-validator\2.2.14\json-schema-validator-2.2.14.jar;C:\Users\suman\.m2\repository\com\google\guava\guava\28.2-android\guava-28.2-android.jar;C:\Users\suman\.m2\repository\com\google\guava\failureaccess\1.0.1\failureaccess-1.0.1.jar;C:\Users\suman\.m2\repository\com\google\guava\listenablefuture\9999.0-empty-to-avoid-conflict-with-guava\listenablefuture-9999.0-empty-to-avoid-conflict-with-guava.jar;C:\Users\suman\.m2\repository\org\checkerframework\checker-compat-qual\2.5.5\checker-compat-qual-2.5.5.jar;C:\Users\suman\.m2\repository\com\google\errorprone\error_prone_annotations\2.3.4\error_prone_annotations-2.3.4.jar;C:\Users\suman\.m2\repository\com\google\j2objc\j2objc-annotations\1.3\j2objc-annotations-1.3.jar;C:\Users\suman\.m2\repository\com\github\java-json-tools\jackson-coreutils-equivalence\1.0\jackson-coreutils-equivalence-1.0.jar;C:\Users\suman\.m2\repository\com\github\java-json-tools\jackson-coreutils\2.0\jackson-coreutils-2.0.jar;C:\Users\suman\.m2\repository\com\github\java-json-tools\msg-simple\1.2\msg-simple-1.2.jar;C:\Users\suman\.m2\repository\com\github\java-json-tools\btf\1.3\btf-1.3.jar;C:\Users\suman\.m2\repository\com\github\java-json-tools\json-schema-core\1.2.14\json-schema-core-1.2.14.jar;C:\Users\suman\.m2\repository\com\github\java-json-tools\uri-template\0.10\uri-template-0.10.jar;C:\Users\suman\.m2\repository\org\mozilla\rhino\1.7.7.2\rhino-1.7.7.2.jar;C:\Users\suman\.m2\repository\com\sun\mail\mailapi\1.6.2\mailapi-1.6.2.jar;C:\Users\suman\.m2\repository\joda-time\joda-time\2.10.5\joda-time-2.10.5.jar;C:\Users\suman\.m2\repository\com\googlecode\libphonenumber\libphonenumber\8.11.1\libphonenumber-8.11.1.jar;C:\Users\suman\.m2\repository\com\google\code\findbugs\jsr305\3.0.2\jsr305-3.0.2.jar;C:\Users\suman\.m2\repository\net\sf\jopt-simple\jopt-simple\5.0.4\jopt-simple-5.0.4.jar;C:\Users\suman\.m2\repository\com\github\javafaker\javafaker\1.0.2\javafaker-1.0.2.jar;C:\Users\suman\.m2\repository\org\apache\commons\commons-lang3\3.5\commons-lang3-3.5.jar;C:\Users\suman\.m2\repository\org\yaml\snakeyaml\1.23\snakeyaml-1.23-android.jar;C:\Users\suman\.m2\repository\com\github\mifmif\generex\1.0.2\generex-1.0.2.jar;C:\Users\suman\.m2\repository\dk\brics\automaton\automaton\1.11-8\automaton-1.11-8.jar;C:\Users\suman\.m2\repository\org\apache\poi\poi\5.2.3\poi-5.2.3.jar;C:\Users\suman\.m2\repository\commons-codec\commons-codec\1.15\commons-codec-1.15.jar;C:\Users\suman\.m2\repository\org\apache\commons\commons-collections4\4.4\commons-collections4-4.4.jar;C:\Users\suman\.m2\repository\org\apache\commons\commons-math3\3.6.1\commons-math3-3.6.1.jar;C:\Users\suman\.m2\repository\commons-io\commons-io\2.11.0\commons-io-2.11.0.jar;C:\Users\suman\.m2\repository\com\zaxxer\SparseBitSet\1.2\SparseBitSet-1.2.jar;C:\Users\suman\.m2\repository\org\apache\logging\log4j\log4j-api\2.18.0\log4j-api-2.18.0.jar;C:\Users\suman\.m2\repository\org\apache\poi\poi-ooxml\5.2.3\poi-ooxml-5.2.3.jar;C:\Users\suman\.m2\repository\org\apache\poi\poi-ooxml-lite\5.2.3\poi-ooxml-lite-5.2.3.jar;C:\Users\suman\.m2\repository\org\apache\xmlbeans\xmlbeans\5.1.1\xmlbeans-5.1.1.jar;C:\Users\suman\.m2\repository\org\apache\commons\commons-compress\1.21\commons-compress-1.21.jar;C:\Users\suman\.m2\repository\com\github\virtuald\curvesapi\1.07\curvesapi-1.07.jar;"/>
    <property name="java.vm.vendor" value="Oracle Corporation"/>
    <property name="sun.arch.data.model" value="64"/>
    <property name="user.variant" value=""/>
    <property name="java.vendor.url" value="https://java.oracle.com/"/>
    <property name="user.timezone" value="Asia/Calcutta"/>
    <property name="os.name" value="Windows 10"/>
    <property name="java.vm.specification.version" value="19"/>
    <property name="sun.java.launcher" value="SUN_STANDARD"/>
    <property name="user.country" value="IN"/>
    <property name="sun.boot.library.path" value="C:\Program Files\Java\jdk-19\bin"/>
    <property name="sun.java.command" value="C:\Users\suman\AppData\Local\Temp\surefire6329331614461402778\surefirebooter-20230430154945608_3.jar C:\Users\suman\AppData\Local\Temp\surefire6329331614461402778 2023-04-30T15-49-45_482-jvmRun1 surefire-20230430154945608_1tmp surefire_0-20230430154945608_2tmp"/>
    <property name="jdk.debug" value="release"/>
    <property name="surefire.test.class.path" value="C:\Users\suman\Selenium\Students_FrameWork\target\test-classes;C:\Users\suman\Selenium\Students_FrameWork\target\classes;C:\Users\suman\.m2\repository\io\rest-assured\rest-assured\5.3.0\rest-assured-5.3.0.jar;C:\Users\suman\.m2\repository\org\apache\groovy\groovy\4.0.6\groovy-4.0.6.jar;C:\Users\suman\.m2\repository\org\apache\groovy\groovy-xml\4.0.6\groovy-xml-4.0.6.jar;C:\Users\suman\.m2\repository\org\apache\httpcomponents\httpclient\4.5.13\httpclient-4.5.13.jar;C:\Users\suman\.m2\repository\org\apache\httpcomponents\httpcore\4.4.13\httpcore-4.4.13.jar;C:\Users\suman\.m2\repository\commons-logging\commons-logging\1.2\commons-logging-1.2.jar;C:\Users\suman\.m2\repository\org\apache\httpcomponents\httpmime\4.5.13\httpmime-4.5.13.jar;C:\Users\suman\.m2\repository\org\hamcrest\hamcrest\2.1\hamcrest-2.1.jar;C:\Users\suman\.m2\repository\org\ccil\cowan\tagsoup\tagsoup\1.2.1\tagsoup-1.2.1.jar;C:\Users\suman\.m2\repository\io\rest-assured\json-path\5.3.0\json-path-5.3.0.jar;C:\Users\suman\.m2\repository\org\apache\groovy\groovy-json\4.0.6\groovy-json-4.0.6.jar;C:\Users\suman\.m2\repository\io\rest-assured\rest-assured-common\5.3.0\rest-assured-common-5.3.0.jar;C:\Users\suman\.m2\repository\io\rest-assured\xml-path\5.3.0\xml-path-5.3.0.jar;C:\Users\suman\.m2\repository\com\jayway\jsonpath\json-path\2.8.0\json-path-2.8.0.jar;C:\Users\suman\.m2\repository\net\minidev\json-smart\2.4.10\json-smart-2.4.10.jar;C:\Users\suman\.m2\repository\net\minidev\accessors-smart\2.4.9\accessors-smart-2.4.9.jar;C:\Users\suman\.m2\repository\org\ow2\asm\asm\9.3\asm-9.3.jar;C:\Users\suman\.m2\repository\org\slf4j\slf4j-api\1.7.36\slf4j-api-1.7.36.jar;C:\Users\suman\.m2\repository\org\json\json\20230227\json-20230227.jar;C:\Users\suman\.m2\repository\com\google\code\gson\gson\2.10.1\gson-2.10.1.jar;C:\Users\suman\.m2\repository\org\testng\testng\7.7.1\testng-7.7.1.jar;C:\Users\suman\.m2\repository\com\beust\jcommander\1.82\jcommander-1.82.jar;C:\Users\suman\.m2\repository\org\webjars\jquery\3.6.1\jquery-3.6.1.jar;C:\Users\suman\.m2\repository\com\github\scribejava\scribejava-apis\8.3.3\scribejava-apis-8.3.3.jar;C:\Users\suman\.m2\repository\com\github\scribejava\scribejava-core\8.3.3\scribejava-core-8.3.3.jar;C:\Users\suman\.m2\repository\com\github\scribejava\scribejava-java8\8.3.3\scribejava-java8-8.3.3.jar;C:\Users\suman\.m2\repository\com\fasterxml\jackson\core\jackson-databind\2.14.0\jackson-databind-2.14.0.jar;C:\Users\suman\.m2\repository\com\fasterxml\jackson\core\jackson-annotations\2.14.0\jackson-annotations-2.14.0.jar;C:\Users\suman\.m2\repository\com\fasterxml\jackson\core\jackson-core\2.14.0\jackson-core-2.14.0.jar;C:\Users\suman\.m2\repository\io\rest-assured\json-schema-validator\5.3.0\json-schema-validator-5.3.0.jar;C:\Users\suman\.m2\repository\com\github\java-json-tools\json-schema-validator\2.2.14\json-schema-validator-2.2.14.jar;C:\Users\suman\.m2\repository\com\google\guava\guava\28.2-android\guava-28.2-android.jar;C:\Users\suman\.m2\repository\com\google\guava\failureaccess\1.0.1\failureaccess-1.0.1.jar;C:\Users\suman\.m2\repository\com\google\guava\listenablefuture\9999.0-empty-to-avoid-conflict-with-guava\listenablefuture-9999.0-empty-to-avoid-conflict-with-guava.jar;C:\Users\suman\.m2\repository\org\checkerframework\checker-compat-qual\2.5.5\checker-compat-qual-2.5.5.jar;C:\Users\suman\.m2\repository\com\google\errorprone\error_prone_annotations\2.3.4\error_prone_annotations-2.3.4.jar;C:\Users\suman\.m2\repository\com\google\j2objc\j2objc-annotations\1.3\j2objc-annotations-1.3.jar;C:\Users\suman\.m2\repository\com\github\java-json-tools\jackson-coreutils-equivalence\1.0\jackson-coreutils-equivalence-1.0.jar;C:\Users\suman\.m2\repository\com\github\java-json-tools\jackson-coreutils\2.0\jackson-coreutils-2.0.jar;C:\Users\suman\.m2\repository\com\github\java-json-tools\msg-simple\1.2\msg-simple-1.2.jar;C:\Users\suman\.m2\repository\com\github\java-json-tools\btf\1.3\btf-1.3.jar;C:\Users\suman\.m2\repository\com\github\java-json-tools\json-schema-core\1.2.14\json-schema-core-1.2.14.jar;C:\Users\suman\.m2\repository\com\github\java-json-tools\uri-template\0.10\uri-template-0.10.jar;C:\Users\suman\.m2\repository\org\mozilla\rhino\1.7.7.2\rhino-1.7.7.2.jar;C:\Users\suman\.m2\repository\com\sun\mail\mailapi\1.6.2\mailapi-1.6.2.jar;C:\Users\suman\.m2\repository\joda-time\joda-time\2.10.5\joda-time-2.10.5.jar;C:\Users\suman\.m2\repository\com\googlecode\libphonenumber\libphonenumber\8.11.1\libphonenumber-8.11.1.jar;C:\Users\suman\.m2\repository\com\google\code\findbugs\jsr305\3.0.2\jsr305-3.0.2.jar;C:\Users\suman\.m2\repository\net\sf\jopt-simple\jopt-simple\5.0.4\jopt-simple-5.0.4.jar;C:\Users\suman\.m2\repository\com\github\javafaker\javafaker\1.0.2\javafaker-1.0.2.jar;C:\Users\suman\.m2\repository\org\apache\commons\commons-lang3\3.5\commons-lang3-3.5.jar;C:\Users\suman\.m2\repository\org\yaml\snakeyaml\1.23\snakeyaml-1.23-android.jar;C:\Users\suman\.m2\repository\com\github\mifmif\generex\1.0.2\generex-1.0.2.jar;C:\Users\suman\.m2\repository\dk\brics\automaton\automaton\1.11-8\automaton-1.11-8.jar;C:\Users\suman\.m2\repository\org\apache\poi\poi\5.2.3\poi-5.2.3.jar;C:\Users\suman\.m2\repository\commons-codec\commons-codec\1.15\commons-codec-1.15.jar;C:\Users\suman\.m2\repository\org\apache\commons\commons-collections4\4.4\commons-collections4-4.4.jar;C:\Users\suman\.m2\repository\org\apache\commons\commons-math3\3.6.1\commons-math3-3.6.1.jar;C:\Users\suman\.m2\repository\commons-io\commons-io\2.11.0\commons-io-2.11.0.jar;C:\Users\suman\.m2\repository\com\zaxxer\SparseBitSet\1.2\SparseBitSet-1.2.jar;C:\Users\suman\.m2\repository\org\apache\logging\log4j\log4j-api\2.18.0\log4j-api-2.18.0.jar;C:\Users\suman\.m2\repository\org\apache\poi\poi-ooxml\5.2.3\poi-ooxml-5.2.3.jar;C:\Users\suman\.m2\repository\org\apache\poi\poi-ooxml-lite\5.2.3\poi-ooxml-lite-5.2.3.jar;C:\Users\suman\.m2\repository\org\apache\xmlbeans\xmlbeans\5.1.1\xmlbeans-5.1.1.jar;C:\Users\suman\.m2\repository\org\apache\commons\commons-compress\1.21\commons-compress-1.21.jar;C:\Users\suman\.m2\repository\com\github\virtuald\curvesapi\1.07\curvesapi-1.07.jar;"/>
    <property name="sun.cpu.endian" value="little"/>
    <property name="user.home" value="C:\Users\suman"/>
    <property name="user.language" value="en"/>
    <property name="java.specification.vendor" value="Oracle Corporation"/>
    <property name="java.version.date" value="2022-10-18"/>
    <property name="java.home" value="C:\Program Files\Java\jdk-19"/>
    <property name="file.separator" value="\"/>
    <property name="basedir" value="C:\Users\suman\Selenium\Students_FrameWork"/>
    <property name="java.vm.compressedOopsMode" value="32-bit"/>
    <property name="line.separator" value="&#10;"/>
    <property name="java.vm.specification.vendor" value="Oracle Corporation"/>
    <property name="java.specification.name" value="Java Platform API Specification"/>
    <property name="surefire.real.class.path" value="C:\Users\suman\AppData\Local\Temp\surefire6329331614461402778\surefirebooter-20230430154945608_3.jar"/>
    <property name="user.script" value=""/>
    <property name="sun.management.compiler" value="HotSpot 64-Bit Tiered Compilers"/>
    <property name="java.runtime.version" value="19.0.1+10-21"/>
    <property name="user.name" value="suman"/>
    <property name="stdout.encoding" value="Cp1252"/>
    <property name="path.separator" value=";"/>
    <property name="os.version" value="10.0"/>
    <property name="java.runtime.name" value="Java(TM) SE Runtime Environment"/>
    <property name="file.encoding" value="UTF-8"/>
    <property name="java.vm.name" value="Java HotSpot(TM) 64-Bit Server VM"/>
    <property name="localRepository" value="C:\Users\suman\.m2\repository"/>
    <property name="java.vendor.url.bug" value="https://bugreport.java.com/bugreport/"/>
    <property name="java.io.tmpdir" value="C:\Users\suman\AppData\Local\Temp\"/>
    <property name="java.version" value="19.0.1"/>
    <property name="user.dir" value="C:\Users\suman\Selenium\Students_FrameWork"/>
    <property name="os.arch" value="amd64"/>
    <property name="java.vm.specification.name" value="Java Virtual Machine Specification"/>
    <property name="sun.os.patch.level" value=""/>
    <property name="native.encoding" value="Cp1252"/>
    <property name="java.library.path" value="C:\Program Files\Java\jdk-19\bin;C:\WINDOWS\Sun\Java\bin;C:\WINDOWS\system32;C:\WINDOWS;C:\oracle\product\10.2.0\db_1\bin;C:\Program Files\Common Files\Oracle\Java\javapath;C:\WINDOWS\system32;C:\WINDOWS;C:\WINDOWS\System32\Wbem;C:\WINDOWS\System32\WindowsPowerShell\v1.0\;C:\WINDOWS\System32\OpenSSH\;C:\Program Files\Java\jdk-19\bin;C:\Program Files\nodejs\;C:\Program Files\nodejs;C:\Program Files\Git\cmd;C:\Program Files\Cloudflare\Cloudflare WARP\;C:\Users\suman\OneDrive\Desktop\API TESTING\apache-maven-3.9.1\bin;C:\Users\suman\AppData\Local\Microsoft\WindowsApps;C:\Users\suman\AppData\Local\Programs\Microsoft VS Code\bin;C:\Users\suman\AppData\Roaming\npm;C:\Program Files\nodejs;;."/>
    <property name="java.vm.info" value="mixed mode, sharing"/>
    <property name="stderr.encoding" value="Cp1252"/>
    <property name="java.vendor" value="Oracle Corporation"/>
    <property name="java.vm.version" value="19.0.1+10-21"/>
    <property name="sun.io.unicode.encoding" value="UnicodeLittle"/>
    <property name="java.class.version" value="63.0"/>
  </properties>
  <testcase name="getAllStudents" classname="api.test.StudentsTest" time="1.783">
    <system-out><![CDATA[HTTP/1.1 200 OK
X-Powered-By: Express
Vary: Origin, Accept-Encoding
Access-Control-Allow-Credentials: true
Cache-Control: no-cache
Pragma: no-cache
Expires: -1
X-Content-Type-Options: nosniff
Content-Type: application/json; charset=utf-8
ETag: W/"429-HUh4Vt1JLxTqL80ohvaOoW5ZTsc"
Content-Encoding: gzip
Date: Sun, 30 Apr 2023 10:19:48 GMT
Connection: keep-alive
Keep-Alive: timeout=5
Transfer-Encoding: chunked

[
    {
        "id": "01",
        "name": "TOM",
        "lastname": "Price"
    },
    {
        "id": "02",
        "name": "John",
        "lastname": "Winchester"
    },
    {
        "id": "03",
        "name": "Dean",
        "lastname": "Winchester"
    },
    {
        "id": "04",
        "name": "Sam",
        "lastname": "Winchester"
    },
    {
        "lastName": "Barton",
        "name": "Celina",
        "id": "rR-iqbr"
    },
    {
        "lastName": "Moen",
        "name": "Gregorio",
        "id": "ZL-I0P5"
    },
    {
        "lastName": "Davis",
        "name": "Fausto",
        "id": "VLf55Sh"
    },
    {
        "lastName": "Jacobson",
        "name": "Jared",
        "id": "3zmqP9u"
    },
    {
        "lastName": "Heller",
        "name": "Donald",
        "id": "alK_hK2"
    },
    {
        "lastName": "Cremin",
        "name": "Inocencia",
        "id": "PZwU4sp"
    },
    {
        "lastName": "Haley",
        "name": "Andria",
        "id": "_lypH3w"
    },
    {
        "lastName": "Flatley",
        "name": "Leo",
        "id": "YMhHbEH"
    },
    {
        "lastName": "Feil",
        "name": "Kathryne",
        "id": 56
    },
    {
        "id": 1804379080,
        "name": "Gisela Wintheiser",
        "lastName": "Davis"
    }
]
]]></system-out>
    <system-err><![CDATA[SLF4J: Failed to load class "org.slf4j.impl.StaticLoggerBinder".
SLF4J: Defaulting to no-operation (NOP) logger implementation
SLF4J: See http://www.slf4j.org/codes.html#StaticLoggerBinder for further details.
]]></system-err>
  </testcase>
  <testcase name="createStudent" classname="api.test.StudentsTest" time="0.503">
    <system-out><![CDATA[HTTP/1.1 201 Created
X-Powered-By: Express
Vary: Origin, X-HTTP-Method-Override, Accept-Encoding
Access-Control-Allow-Credentials: true
Cache-Control: no-cache
Pragma: no-cache
Expires: -1
Access-Control-Expose-Headers: Location
Location: http://localhost:3000/student/627411361
X-Content-Type-Options: nosniff
Content-Type: application/json; charset=utf-8
Content-Length: 74
ETag: W/"4a-tvyEQP2yf8G/I5ShS77rn8vnT7s"
Date: Sun, 30 Apr 2023 10:19:48 GMT
Connection: keep-alive
Keep-Alive: timeout=5

{
    "id": 627411361,
    "name": "Nestor Bradtke",
    "lastName": "Pacocha"
}
]]></system-out>
  </testcase>
  <testcase name="getStudent" classname="api.test.StudentsTest" time="0.003">
    <system-out><![CDATA[HTTP/1.1 200 OK
X-Powered-By: Express
Vary: Origin, Accept-Encoding
Access-Control-Allow-Credentials: true
Cache-Control: no-cache
Pragma: no-cache
Expires: -1
X-Content-Type-Options: nosniff
Content-Type: application/json; charset=utf-8
Content-Length: 74
ETag: W/"4a-tvyEQP2yf8G/I5ShS77rn8vnT7s"
Date: Sun, 30 Apr 2023 10:19:48 GMT
Connection: keep-alive
Keep-Alive: timeout=5

{
    "id": 627411361,
    "name": "Nestor Bradtke",
    "lastName": "Pacocha"
}
]]></system-out>
  </testcase>
  <testcase name="updateStudent" classname="api.test.StudentsTest" time="0.06">
    <system-out><![CDATA[HTTP/1.1 200 OK
X-Powered-By: Express
Vary: Origin, Accept-Encoding
Access-Control-Allow-Credentials: true
Cache-Control: no-cache
Pragma: no-cache
Expires: -1
X-Content-Type-Options: nosniff
Content-Type: application/json; charset=utf-8
Content-Length: 70
ETag: W/"46-rvoWCit9RMUTipuhzrHp987LE0k"
Date: Sun, 30 Apr 2023 10:19:49 GMT
Connection: keep-alive
Keep-Alive: timeout=5

{
    "id": 627411361,
    "name": "Terry Kub",
    "lastName": "Reynolds"
}
]]></system-out>
  </testcase>
  <testcase name="delStudent" classname="api.test.StudentsTest" time="0.027">
    <system-out><![CDATA[delete id === 627411361
HTTP/1.1 200 OK
X-Powered-By: Express
Vary: Origin, Accept-Encoding
Access-Control-Allow-Credentials: true
Cache-Control: no-cache
Pragma: no-cache
Expires: -1
X-Content-Type-Options: nosniff
Content-Type: application/json; charset=utf-8
Content-Length: 2
ETag: W/"2-vyGp6PvFo4RvsFtPoIWeCReyIC8"
Date: Sun, 30 Apr 2023 10:19:49 GMT
Connection: keep-alive
Keep-Alive: timeout=5

{
    
}
]]></system-out>
  </testcase>
</testsuite>