<?xml version="1.0" encoding="UTF-8"?>
<!-- Generated by org.testng.reporters.JUnitReportReporter -->
<testsuite hostname="DESKTOP-5PVOFI6" failures="0" tests="5" name="api.test.StudentsTest" time="4.172" errors="0" timestamp="2023-04-30T15:26:07 IST" skipped="0">
  <testcase classname="api.test.StudentsTest" name="getAllStudents" time="3.197"/>
  <system-out/>
  <testcase classname="api.test.StudentsTest" name="createStudent" time="0.756"/>
  <system-out/>
  <testcase classname="api.test.StudentsTest" name="getStudent" time="0.098"/>
  <system-out/>
  <testcase classname="api.test.StudentsTest" name="updateStudent" time="0.061"/>
  <system-out/>
  <testcase classname="api.test.StudentsTest" name="delStudent" time="0.060"/>
  <system-out/>
</testsuite> <!-- api.test.StudentsTest -->
